2018-04-10 00:14:00,053 INFO (StartupInfoLogger.java:50)- Starting ClassworkApplication on liuxianhaodeMacBook-Pro.local with PID 9578 (/Users/liuxianhao/Documents/project/classwork/target/classes started by liuxianhao in /Users/liuxianhao/Documents/project/classwork)
2018-04-10 00:14:00,053 DEBUG (StartupInfoLogger.java:53)- Running with Spring Boot v2.0.0.RELEASE, Spring v5.0.4.RELEASE
2018-04-10 00:14:00,053 INFO (SpringApplication.java:656)- The following profiles are active: dev
2018-04-10 00:14:02,107 INFO (StartupInfoLogger.java:59)- Started ClassworkApplication in 7.096 seconds (JVM running for 10718.104)
2018-04-10 00:14:26,770 INFO (StartupInfoLogger.java:50)- Starting ServiceTest on liuxianhaodeMacBook-Pro.local with PID 11167 (started by liuxianhao in /Users/liuxianhao/Documents/project/classwork)
2018-04-10 00:14:26,770 DEBUG (StartupInfoLogger.java:53)- Running with Spring Boot v2.0.0.RELEASE, Spring v5.0.4.RELEASE
2018-04-10 00:14:26,772 INFO (SpringApplication.java:656)- The following profiles are active: dev
2018-04-10 00:16:21,268 INFO (StartupInfoLogger.java:50)- Starting ServiceTest on liuxianhaodeMacBook-Pro.local with PID 11172 (started by liuxianhao in /Users/liuxianhao/Documents/project/classwork)
2018-04-10 00:16:21,269 DEBUG (StartupInfoLogger.java:53)- Running with Spring Boot v2.0.0.RELEASE, Spring v5.0.4.RELEASE
2018-04-10 00:16:21,270 INFO (SpringApplication.java:656)- The following profiles are active: dev
2018-04-10 00:19:54,800 INFO (StartupInfoLogger.java:50)- Starting ServiceTest on liuxianhaodeMacBook-Pro.local with PID 11179 (started by liuxianhao in /Users/liuxianhao/Documents/project/classwork)
2018-04-10 00:19:54,801 DEBUG (StartupInfoLogger.java:53)- Running with Spring Boot v2.0.0.RELEASE, Spring v5.0.4.RELEASE
2018-04-10 00:19:54,802 INFO (SpringApplication.java:656)- The following profiles are active: dev
2018-04-10 00:21:20,369 INFO (StartupInfoLogger.java:50)- Starting ClassworkApplication on liuxianhaodeMacBook-Pro.local with PID 9578 (/Users/liuxianhao/Documents/project/classwork/target/classes started by liuxianhao in /Users/liuxianhao/Documents/project/classwork)
2018-04-10 00:21:20,369 DEBUG (StartupInfoLogger.java:53)- Running with Spring Boot v2.0.0.RELEASE, Spring v5.0.4.RELEASE
2018-04-10 00:21:20,369 INFO (SpringApplication.java:656)- The following profiles are active: dev
2018-04-10 00:21:22,426 INFO (StartupInfoLogger.java:50)- Starting ServiceTest on liuxianhaodeMacBook-Pro.local with PID 11188 (started by liuxianhao in /Users/liuxianhao/Documents/project/classwork)
2018-04-10 00:21:22,427 DEBUG (StartupInfoLogger.java:53)- Running with Spring Boot v2.0.0.RELEASE, Spring v5.0.4.RELEASE
2018-04-10 00:21:22,429 INFO (SpringApplication.java:656)- The following profiles are active: dev
2018-04-10 00:21:22,450 INFO (StartupInfoLogger.java:59)- Started ClassworkApplication in 7.119 seconds (JVM running for 11158.458)
2018-04-10 00:25:45,881 INFO (StartupInfoLogger.java:50)- Starting ServiceTest on liuxianhaodeMacBook-Pro.local with PID 11199 (started by liuxianhao in /Users/liuxianhao/Documents/project/classwork)
2018-04-10 00:25:45,882 DEBUG (StartupInfoLogger.java:53)- Running with Spring Boot v2.0.0.RELEASE, Spring v5.0.4.RELEASE
2018-04-10 00:25:45,883 INFO (SpringApplication.java:656)- The following profiles are active: dev
2018-04-10 00:29:02,193 INFO (StartupInfoLogger.java:50)- Starting ServiceTest on liuxianhaodeMacBook-Pro.local with PID 11205 (started by liuxianhao in /Users/liuxianhao/Documents/project/classwork)
2018-04-10 00:29:02,193 DEBUG (StartupInfoLogger.java:53)- Running with Spring Boot v2.0.0.RELEASE, Spring v5.0.4.RELEASE
2018-04-10 00:29:02,194 INFO (SpringApplication.java:656)- The following profiles are active: dev
2018-04-10 00:37:01,882 INFO (StartupInfoLogger.java:50)- Starting ClassworkApplicationTests on liuxianhaodeMacBook-Pro.local with PID 11214 (started by liuxianhao in /Users/liuxianhao/Documents/project/classwork)
2018-04-10 00:37:01,883 DEBUG (StartupInfoLogger.java:53)- Running with Spring Boot v2.0.0.RELEASE, Spring v5.0.4.RELEASE
2018-04-10 00:37:01,885 INFO (SpringApplication.java:656)- The following profiles are active: dev
2018-04-10 00:39:57,500 INFO (StartupInfoLogger.java:50)- Starting ClassworkApplicationTests on liuxianhaodeMacBook-Pro.local with PID 11238 (started by liuxianhao in /Users/liuxianhao/Documents/project/classwork)
2018-04-10 00:39:57,501 DEBUG (StartupInfoLogger.java:53)- Running with Spring Boot v2.0.0.RELEASE, Spring v5.0.4.RELEASE
2018-04-10 00:39:57,502 INFO (SpringApplication.java:656)- The following profiles are active: dev
2018-04-10 00:51:34,268 INFO (StartupInfoLogger.java:50)- Starting DeptServiceTest on liuxianhaodeMacBook-Pro.local with PID 11335 (started by liuxianhao in /Users/liuxianhao/Documents/project/classwork)
2018-04-10 00:51:34,269 DEBUG (StartupInfoLogger.java:53)- Running with Spring Boot v2.0.0.RELEASE, Spring v5.0.4.RELEASE
2018-04-10 00:51:34,270 INFO (SpringApplication.java:656)- The following profiles are active: dev
